<?xml version="1.0" encoding="UTF-8"?>
<!-- Generated by org.testng.reporters.JUnitXMLReporter -->
<testsuite ignored="0" hostname="LAPTOP-N7UD7B5O" failures="0" tests="3" name="Default test" time="116.809" errors="0" timestamp="2020-10-18T13:16:36 IST">
  <testcase classname="WebScrapTest" name="webScrapeTest" time="25.514"/>
  <testcase classname="WebScrapTest" name="webScrapeTest" time="20.398"/>
  <testcase classname="WebScrapTest" name="webScrapeTest" time="60.853"/>
</testsuite> <!-- Default test -->
